<?xml version="1.0" encoding="UTF-8"?>
<testng-results ignored="0" total="1" passed="1" failed="0" skipped="0">
  <reporter-output>
    <line>
      <![CDATA[unoS]]>
    </line>
  </reporter-output>
  <suite started-at="2023-08-09T09:48:33 IST" name="Default suite" finished-at="2023-08-09T09:48:33 IST" duration-ms="46">
    <groups>
    </groups>
    <test started-at="2023-08-09T09:48:33 IST" name="Default test" finished-at="2023-08-09T09:48:33 IST" duration-ms="46">
      <class name="demoproject1.Test1">
        <test-method signature="f()[pri:0, instance:demoproject1.Test1@3bf9ce3e]" started-at="2023-08-09T09:48:33 IST" name="f" finished-at="2023-08-09T09:48:33 IST" duration-ms="8" status="PASS">
          <reporter-output>
            <line>
              <![CDATA[unoS]]>
            </line>
          </reporter-output>
        </test-method> <!-- f -->
      </class> <!-- demoproject1.Test1 -->
    </test> <!-- Default test -->
  </suite> <!-- Default suite -->
</testng-results>
